[autocare-html.vercel.app/index.html]
[backblue.gif]
[fade.gif]
[index.html]
[autocare-html.vercel.app/images/favicon.ico]
[autocare-html.vercel.app/images/favicon.png]
[autocare-html.vercel.app/css/style.min.css]
[autocare-html.vercel.app/css/templete.min.css]
[autocare-html.vercel.app/plugins/revolution/css/settings.css]
[autocare-html.vercel.app/plugins/revolution/css/navigation.css]
[autocare-html.vercel.app/images/logo.png]
[autocare-html.vercel.app/index-2.html]
[autocare-html.vercel.app/index-3.html]
[autocare-html.vercel.app/index-4.html]
[autocare-html.vercel.app/index-5.html]
[autocare-html.vercel.app/index-6.html]
[autocare-html.vercel.app/index-7.html]
[autocare-html.vercel.app/index-8.html]
[autocare-html.vercel.app/index-9.html]
[autocare-html.vercel.app/header-style-1.html]
[autocare-html.vercel.app/header-style-2.html]
[autocare-html.vercel.app/header-style-3.html]
[autocare-html.vercel.app/header-style-4.html]
[autocare-html.vercel.app/header-style-5.html]
[autocare-html.vercel.app/header-style-6.html]
[autocare-html.vercel.app/header-style-7.html]
[autocare-html.vercel.app/footer-fixed.html]
[autocare-html.vercel.app/footer-white.html]
[autocare-html.vercel.app/about-1.html]
[autocare-html.vercel.app/about-2.html]
[autocare-html.vercel.app/faq-1.html]
[autocare-html.vercel.app/faq-2.html]
[autocare-html.vercel.app/our-team.html]
[autocare-html.vercel.app/testimonials.html]
[autocare-html.vercel.app/career.html]
[autocare-html.vercel.app/who-we-are.html]
[autocare-html.vercel.app/project.html]
[autocare-html.vercel.app/project-details.html]
[autocare-html.vercel.app/engine-diagnostics.html]
[autocare-html.vercel.app/lube-oil-and-filters.html]
[autocare-html.vercel.app/belts-and-hoses.html]
[autocare-html.vercel.app/air-conditioning.html]
[autocare-html.vercel.app/brake-repair.html]
[autocare-html.vercel.app/tire-and-wheel-services.html]
[autocare-html.vercel.app/service-car-cleaning.html]
[autocare-html.vercel.app/service-car-services.html]
[autocare-html.vercel.app/service-car-wrapping.html]
[autocare-html.vercel.app/service-dent-paint.html]
[autocare-html.vercel.app/services-1.html]
[autocare-html.vercel.app/services-2.html]
[autocare-html.vercel.app/services-3.html]
[autocare-html.vercel.app/portfolio-1.html]
[autocare-html.vercel.app/portfolio-2.html]
[autocare-html.vercel.app/portfolio-3.html]
[autocare-html.vercel.app/portfolio-details.html]
[autocare-html.vercel.app/full-page-gallery-dark.html]
[autocare-html.vercel.app/full-page-gallery-light.html]
[autocare-html.vercel.app/gallery-grid-2.html]
[autocare-html.vercel.app/gallery-grid-3.html]
[autocare-html.vercel.app/gallery-grid-4.html]
[autocare-html.vercel.app/error-404.html]
[autocare-html.vercel.app/coming-soon-1.html]
[autocare-html.vercel.app/coming-soon-2.html]
[autocare-html.vercel.app/login-1.html]
[autocare-html.vercel.app/login-2.html]
[autocare-html.vercel.app/contact.html]
[autocare-html.vercel.app/contact-2.html]
[autocare-html.vercel.app/contact-3.html]
[autocare-html.vercel.app/contact-4.html]
[autocare-html.vercel.app/post-left-sidebar.html]
[autocare-html.vercel.app/post-right-sidebar.html]
[autocare-html.vercel.app/post-both-sidebar.html]
[autocare-html.vercel.app/post-no-sidebar.html]
[autocare-html.vercel.app/post-text.html]
[autocare-html.vercel.app/post-image.html]
[autocare-html.vercel.app/post-video.html]
[autocare-html.vercel.app/post-link.html]
[autocare-html.vercel.app/post-audio.html]
[autocare-html.vercel.app/post-quote.html]
[autocare-html.vercel.app/post-tutorial.html]
[autocare-html.vercel.app/post-cateloge.html]
[autocare-html.vercel.app/post-banner.html]
[autocare-html.vercel.app/post-slide-show.html]
[autocare-html.vercel.app/post-gallery.html]
[autocare-html.vercel.app/post-status.html]
[autocare-html.vercel.app/post-standard.html]
[autocare-html.vercel.app/post-side.html]
[autocare-html.vercel.app/post-corner.html]
[autocare-html.vercel.app/shop-grid-4.html]
[autocare-html.vercel.app/shop-product.html]
[autocare-html.vercel.app/shop-product-2.html]
[autocare-html.vercel.app/shop-product-details.html]
[autocare-html.vercel.app/shop-cart.html]
[autocare-html.vercel.app/shop-cart-empty.html]
[autocare-html.vercel.app/shop-wishlist.html]
[autocare-html.vercel.app/shop-checkout.html]
[autocare-html.vercel.app/blog-list-no-sidebar.html]
[autocare-html.vercel.app/blog-list-left-sidebar.html]
[autocare-html.vercel.app/blog-list-right-sidebar.html]
[autocare-html.vercel.app/blog-list-both-sidebar.html]
[autocare-html.vercel.app/blog-grid-no-sidebar.html]
[autocare-html.vercel.app/blog-grid-left-sidebar.html]
[autocare-html.vercel.app/blog-grid-right-sidebar.html]
[autocare-html.vercel.app/blog-grid-both-sidebar.html]
[autocare-html.vercel.app/blog-grid-wide-sidebar.html]
[autocare-html.vercel.app/blog-archive.html]
[autocare-html.vercel.app/blog-author.html]
[autocare-html.vercel.app/blog-category.html]
[autocare-html.vercel.app/blog-tag.html]
[autocare-html.vercel.app/shortcode-buttons.html]
[autocare-html.vercel.app/shortcode-icon-box-styles.html]
[autocare-html.vercel.app/shortcode-pricing-table.html]
[autocare-html.vercel.app/shortcode-toggles.html]
[autocare-html.vercel.app/shortcode-team.html]
[autocare-html.vercel.app/shortcode-carousel-sliders.html]
[autocare-html.vercel.app/shortcode-image-box-content.html]
[autocare-html.vercel.app/shortcode-tabs.html]
[autocare-html.vercel.app/shortcode-counters.html]
[autocare-html.vercel.app/shortcode-magnific-popup.html]
[autocare-html.vercel.app/shortcode-accordians.html]
[autocare-html.vercel.app/shortcode-dividers.html]
[autocare-html.vercel.app/shortcode-images-effects.html]
[autocare-html.vercel.app/shortcode-testimonials.html]
[autocare-html.vercel.app/shortcode-light-box.html]
[autocare-html.vercel.app/shortcode-alert-box.html]
[autocare-html.vercel.app/shortcode-icon-box.html]
[autocare-html.vercel.app/shortcode-list-group.html]
[autocare-html.vercel.app/shortcode-title-separators.html]
[autocare-html.vercel.app/shortcode-all-widgets.html]
[autocare-html.vercel.app/images/main-slider/slide1.jpg]
[autocare-html.vercel.app/images/main-slider/slide2.jpg]
[autocare-html.vercel.app/images/main-slider/slide3.jpg]
[autocare-html.vercel.app/images/bg-img.png]
[autocare-html.vercel.app/images/img2.jpg]
[autocare-html.vercel.app/images/background/bg1.jpg]
[autocare-html.vercel.app/images/our-work/pic1.jpg]
[autocare-html.vercel.app/images/our-work/pic2.jpg]
[autocare-html.vercel.app/images/our-work/pic3.jpg]
[autocare-html.vercel.app/images/our-work/pic4.jpg]
[autocare-html.vercel.app/images/our-work/pic5.jpg]
[autocare-html.vercel.app/images/our-work/pic6.jpg]
[autocare-html.vercel.app/images/background/bg4.jpg]
[autocare-html.vercel.app/images/our-team/pic1.jpg]
[autocare-html.vercel.app/images/our-team/pic2.jpg]
[autocare-html.vercel.app/images/our-team/pic3.jpg]
[autocare-html.vercel.app/images/our-team/pic4.jpg]
[autocare-html.vercel.app/images/blog/latest-blog/pic1.jpg]
[autocare-html.vercel.app/blog-half-img-sidebar.92.delayed]
[autocare-html.vercel.app/images/blog/latest-blog/pic2.jpg]
[autocare-html.vercel.app/images/blog/latest-blog/pic3.jpg]
[autocare-html.vercel.app/images/background/bg2.jpg]
[autocare-html.vercel.app/images/testimonials/pic1.jpg]
[autocare-html.vercel.app/images/testimonials/pic2.jpg]
[autocare-html.vercel.app/images/testimonials/pic3.jpg]
[autocare-html.vercel.app/images/client-logo/logo1.jpg]
[autocare-html.vercel.app/images/client-logo/logo2.jpg]
[autocare-html.vercel.app/images/client-logo/logo3.jpg]
[autocare-html.vercel.app/images/client-logo/logo4.jpg]
[autocare-html.vercel.app/images/blog/recent-blog/pic1.jpg]
[autocare-html.vercel.app/images/blog/recent-blog/pic2.jpg]
[autocare-html.vercel.app/images/blog/recent-blog/pic3.jpg]
[autocare-html.vercel.app/js/jquery.min.js]
[autocare-html.vercel.app/plugins/bootstrap/js/bootstrap.bundle.min.js]
[autocare-html.vercel.app/plugins/bootstrap-select/bootstrap-select.min.js]
[autocare-html.vercel.app/plugins/bootstrap-touchspin/jquery.bootstrap-touchspin.js]
[autocare-html.vercel.app/plugins/magnific-popup/magnific-popup.js]
[autocare-html.vercel.app/plugins/counter/waypoints-min.js]
[autocare-html.vercel.app/plugins/counter/counterup.min.js]
[autocare-html.vercel.app/plugins/imagesloaded/imagesloaded.js]
[autocare-html.vercel.app/plugins/masonry/masonry-3.1.4.js]
[autocare-html.vercel.app/plugins/masonry/masonry.filter.js]
[autocare-html.vercel.app/plugins/owl-carousel/owl.carousel.js]
[autocare-html.vercel.app/js/custom.min.js]
[autocare-html.vercel.app/js/dz.carousel.min.js]
[autocare-html.vercel.app/plugins/lightgallery/js/lightgallery-all.js]
[autocare-html.vercel.app/js/dz.ajax.js]
[autocare-html.vercel.app/plugins/switcher/js/switcher.js]
[autocare-html.vercel.app/plugins/revolution/js/jquery.themepunch.tools.min.js]
[autocare-html.vercel.app/plugins/revolution/js/jquery.themepunch.revolution.min.js]
[autocare-html.vercel.app/plugins/revolution/js/extensions/revolution.extension.actions.min.js]
[autocare-html.vercel.app/plugins/revolution/js/extensions/revolution.extension.carousel.min.js]
[autocare-html.vercel.app/plugins/revolution/js/extensions/revolution.extension.kenburn.min.js]
[autocare-html.vercel.app/plugins/revolution/js/extensions/revolution.extension.layeranimation.min.js]
[autocare-html.vercel.app/plugins/revolution/js/extensions/revolution.extension.migration.min.js]
[autocare-html.vercel.app/plugins/revolution/js/extensions/revolution.extension.navigation.min.js]
[autocare-html.vercel.app/plugins/revolution/js/extensions/revolution.extension.parallax.min.js]
[autocare-html.vercel.app/plugins/revolution/js/extensions/revolution.extension.slideanims.min.js]
[autocare-html.vercel.app/plugins/revolution/js/extensions/revolution.extension.video.min.js]
[autocare-html.vercel.app/index.html]
[autocare-html.vercel.app/js/rev.slider.js]
[autocare-html.vercel.app/plugins/bootstrap/css/bootstrap.min.css]
[autocare-html.vercel.app/plugins/fontawesome/css/all.min.css]
[autocare-html.vercel.app/plugins/themify/themify-icons.css]
[autocare-html.vercel.app/plugins/owl-carousel/owl.carousel.css]
[autocare-html.vercel.app/plugins/bootstrap-select/bootstrap-select.min.css]
[autocare-html.vercel.app/plugins/magnific-popup/magnific-popup.css]
[autocare-html.vercel.app/plugins/animate/animate.css]
[autocare-html.vercel.app/plugins/lightgallery/css/lightgallery.min.css]
[autocare-html.vercel.app/plugins/switcher/css/switcher.css]
[autocare-html.vercel.app/css/inc/images/loading.c6.delayed]
[autocare-html.vercel.app/images/header-curv.png]
[autocare-html.vercel.app/images/nav-active.png]
[autocare-html.vercel.app/images/counter.png]
[autocare-html.vercel.app/images/meet-ask-row.png]
[autocare-html.vercel.app/images/line.png]
[autocare-html.vercel.app/images/loading.gif]
[autocare-html.vercel.app/images/loader1.gif]
[autocare-html.vercel.app/images/loader2.gif]
[autocare-html.vercel.app/images/loader3.gif]
[autocare-html.vercel.app/css/style.min.css]
[autocare-html.vercel.app/images/overlay/rrdiagonal-line.png]
[autocare-html.vercel.app/css/templete.min.css]
[autocare-html.vercel.app/css/skin/skin-1.css]
[autocare-html.vercel.app/plugins/revolution/fonts/revicons/revicons90c6.eot]
[autocare-html.vercel.app/plugins/revolution/fonts/revicons/revicons90c6.woff]
[autocare-html.vercel.app/plugins/revolution/fonts/revicons/revicons90c6.ttf]
[autocare-html.vercel.app/plugins/revolution/fonts/revicons/revicons90c6.svg]
[autocare-html.vercel.app/plugins/revolution/css/openhand.cur]
[autocare-html.vercel.app/plugins/revolution/css/closedhand.cur]
[autocare-html.vercel.app/plugins/revolution/assets/gridtile.png]
[autocare-html.vercel.app/plugins/revolution/assets/gridtile_white.png]
[autocare-html.vercel.app/plugins/revolution/assets/gridtile_3x3.png]
[autocare-html.vercel.app/plugins/revolution/assets/gridtile_3x3_white.png]
[autocare-html.vercel.app/plugins/revolution/assets/coloredbg.png]
[autocare-html.vercel.app/plugins/revolution/assets/loader.gif]
[autocare-html.vercel.app/plugins/revolution/css/settings.css]
[autocare-html.vercel.app/plugins/revolution/css/navigation.css]
[autocare-html.vercel.app/plugins/revolution/css/layers.css]
[autocare-html.vercel.app/images/logo-black.png]
[autocare-html.vercel.app/images/logo-white.png]
[autocare-html.vercel.app/images/main-slider/slide4.jpg]
[autocare-html.vercel.app/images/main-slider/slide5.jpg]
[autocare-html.vercel.app/images/main-slider/slide6.jpg]
[autocare-html.vercel.app/images/img3.jpg]
[autocare-html.vercel.app/images/img1.jpg]
[autocare-html.vercel.app/images/background/bg1.png]
[autocare-html.vercel.app/images/our-services/service-1/pic1.jpg]
[autocare-html.vercel.app/images/our-services/service-1/pic2.jpg]
[autocare-html.vercel.app/images/our-services/service-1/pic3.jpg]
[autocare-html.vercel.app/images/our-services/service-1/pic4.jpg]
[autocare-html.vercel.app/images/our-services/service-1/pic5.jpg]
[autocare-html.vercel.app/images/our-services/service-1/pic6.jpg]
[autocare-html.vercel.app/images/background/bg5.jpg]
[autocare-html.vercel.app/images/service-1.png]
[autocare-html.vercel.app/images/our-team/pic1.png]
[autocare-html.vercel.app/images/our-team/pic2.png]
[autocare-html.vercel.app/images/our-team/pic3.png]
[autocare-html.vercel.app/images/client-logo/logo/logo1.jpg]
[autocare-html.vercel.app/images/client-logo/logo/logo2.jpg]
[autocare-html.vercel.app/images/client-logo/logo/logo3.jpg]
[autocare-html.vercel.app/images/client-logo/logo/logo4.jpg]
[autocare-html.vercel.app/images/client-logo/logo/logo5.jpg]
[autocare-html.vercel.app/js/custom.js]
[www.google.com/recaptcha/api.js]
[autocare-html.vercel.app/index-2.html]
[autocare-html.vercel.app/images/logo-black2.png]
[autocare-html.vercel.app/images/main-slider/slide8.jpg]
[autocare-html.vercel.app/images/main-slider/slide7.jpg]
[autocare-html.vercel.app/images/background/bg7.jpg]
[autocare-html.vercel.app/images/our-services/service-3/middle/pic1.jpg]
[autocare-html.vercel.app/images/our-services/service-3/middle/pic2.jpg]
[autocare-html.vercel.app/images/our-services/service-3/middle/pic3.jpg]
[autocare-html.vercel.app/images/our-services/service-3/middle/pic4.jpg]
[autocare-html.vercel.app/images/our-work/new/small/pic1.jpg]
[autocare-html.vercel.app/images/our-work/new/small/pic2.jpg]
[autocare-html.vercel.app/images/our-work/new/small/pic3.jpg]
[autocare-html.vercel.app/images/our-work/new/small/pic4.jpg]
[autocare-html.vercel.app/images/logo2.png]
[autocare-html.vercel.app/index-3.html]
[autocare-html.vercel.app/plugins/rangeslider/rangeslider.css]
[autocare-html.vercel.app/images/main-slider/slide9.jpg]
[autocare-html.vercel.app/images/main-slider/slide10.jpg]
[autocare-html.vercel.app/images/background/bg11.jpg]
[autocare-html.vercel.app/images/car.png]
[autocare-html.vercel.app/images/blog/grid/pic1.jpg]
[autocare-html.vercel.app/images/blog/grid/pic2.jpg]
[autocare-html.vercel.app/images/blog/grid/pic3.jpg]
[autocare-html.vercel.app/images/ads/add1.jpg]
[autocare-html.vercel.app/images/our-work/small/pic1.jpg]
[autocare-html.vercel.app/images/our-work/small/pic2.jpg]
[autocare-html.vercel.app/images/our-work/small/pic3.jpg]
[autocare-html.vercel.app/images/our-work/small/pic4.jpg]
[autocare-html.vercel.app/images/our-work/small/pic5.jpg]
[autocare-html.vercel.app/images/our-work/small/pic6.jpg]
[autocare-html.vercel.app/index-4.html]
[autocare-html.vercel.app/plugins/rangeslider/rangeslider.js]
[autocare-html.vercel.app/images/logo-black3.png]
[autocare-html.vercel.app/images/background/bg3.jpg]
[autocare-html.vercel.app/images/ads/thum1.jpg]
[autocare-html.vercel.app/images/project/pic1.jpg]
[autocare-html.vercel.app/images/project/pic2.jpg]
[autocare-html.vercel.app/images/project/pic3.jpg]
[autocare-html.vercel.app/images/our-services/pic1.jpg]
[autocare-html.vercel.app/images/our-services/pic2.jpg]
[autocare-html.vercel.app/images/our-services/pic3.jpg]
[autocare-html.vercel.app/images/our-services/pic4.jpg]
[autocare-html.vercel.app/images/our-services/pic5.jpg]
[autocare-html.vercel.app/images/our-services/pic6.jpg]
[autocare-html.vercel.app/images/pattern.png]
[autocare-html.vercel.app/images/gallery/pic1.jpg]
[autocare-html.vercel.app/images/logo3.png]
[autocare-html.vercel.app/index-5.html]
[autocare-html.vercel.app/css/swiper.css]
[autocare-html.vercel.app/images/logo-ac.png]
[autocare-html.vercel.app/images/background/bg13.png]
[autocare-html.vercel.app/images/car2.png]
[autocare-html.vercel.app/images/our-services/img1.jpg]
[autocare-html.vercel.app/images/our-services/img4.jpg]
[autocare-html.vercel.app/images/our-services/img7.jpg]
[autocare-html.vercel.app/images/our-services/img10.jpg]
[autocare-html.vercel.app/images/our-services/img11.jpg]
[autocare-html.vercel.app/images/about/img1.jpg]
[autocare-html.vercel.app/plugins/wow/wow.js]
[autocare-html.vercel.app/index-6.html]
[autocare-html.vercel.app/index-7.html]
[autocare-html.vercel.app/js/swiper.js]
[autocare-html.vercel.app/images/main-slider/slide11.jpg]
[autocare-html.vercel.app/images/main-slider/slide12.jpg]
[autocare-html.vercel.app/images/main-slider/slide13.jpg]
[autocare-html.vercel.app/index-8.html]
[autocare-html.vercel.app/images/logo-white-ac.png]
[autocare-html.vercel.app/blog-grid-2.146.delayed]
[autocare-html.vercel.app/images/about/pic1.jpg]
[autocare-html.vercel.app/images/about/pic3.jpg]
[autocare-html.vercel.app/images/about/pic2.jpg]
[autocare-html.vercel.app/images/service/pic2.jpg]
[autocare-html.vercel.app/images/service/pic1.jpg]
[autocare-html.vercel.app/images/service/pic4.jpg]
[autocare-html.vercel.app/images/service/pic3.jpg]
[autocare-html.vercel.app/images/portfolio/pic1.jpg]
[autocare-html.vercel.app/images/portfolio/pic2.jpg]
[autocare-html.vercel.app/images/portfolio/pic3.jpg]
[autocare-html.vercel.app/images/portfolio/pic4.jpg]
[autocare-html.vercel.app/images/portfolio/pic5.jpg]
[autocare-html.vercel.app/images/portfolio/pic6.jpg]
[autocare-html.vercel.app/index-9.html]
[autocare-html.vercel.app/images/product/thumb/item1.jpg]
[autocare-html.vercel.app/images/product/thumb/item2.jpg]
[autocare-html.vercel.app/images/header/header-style-1.jpg]
[autocare-html.vercel.app/header-style-1.html]
[autocare-html.vercel.app/images/header/header-style-2.jpg]
[autocare-html.vercel.app/header-style-2.html]
[autocare-html.vercel.app/images/header/header-style-3.jpg]
[autocare-html.vercel.app/header-style-3.html]
[autocare-html.vercel.app/images/header/header-style-4.jpg]
[autocare-html.vercel.app/header-style-4.html]
[autocare-html.vercel.app/images/header/header-style-5.jpg]
[autocare-html.vercel.app/header-style-5.html]
[autocare-html.vercel.app/images/header/header-style-6.jpg]
[autocare-html.vercel.app/header-style-6.html]
[autocare-html.vercel.app/images/header/header-style-7.jpg]
[autocare-html.vercel.app/header-style-7.html]
[autocare-html.vercel.app/images/worker.png]
[autocare-html.vercel.app/footer-fixed.html]
[autocare-html.vercel.app/footer-white.html]
[autocare-html.vercel.app/images/background/bg12.jpg]
[autocare-html.vercel.app/images/background/bg6.jpg]
[autocare-html.vercel.app/about-1.html]
[autocare-html.vercel.app/about-2.html]
[autocare-html.vercel.app/faq-1.html]
[autocare-html.vercel.app/faq-2.html]
[autocare-html.vercel.app/images/banner/bnr1.jpg]
[autocare-html.vercel.app/our-team.html]
[autocare-html.vercel.app/testimonials.html]
[autocare-html.vercel.app/career.html]
[autocare-html.vercel.app/who-we-are.html]
[autocare-html.vercel.app/images/gallery/pic2.jpg]
[autocare-html.vercel.app/images/gallery/pic3.jpg]
[autocare-html.vercel.app/images/gallery/pic4.jpg]
[autocare-html.vercel.app/images/gallery/pic5.jpg]
[autocare-html.vercel.app/images/gallery/pic6.jpg]
[autocare-html.vercel.app/images/gallery/pic9.jpg]
[autocare-html.vercel.app/images/gallery/pic8.jpg]
[autocare-html.vercel.app/project.html]
[autocare-html.vercel.app/images/background/bg9.jpg]
[autocare-html.vercel.app/images/our-services/img6.jpg]
[autocare-html.vercel.app/images/our-services/img5.jpg]
[autocare-html.vercel.app/project-details.html]
[autocare-html.vercel.app/all-service.html]
[autocare-html.vercel.app/files/pdf-sample.pdf]
[autocare-html.vercel.app/images/our-services/img2.jpg]
[autocare-html.vercel.app/images/our-services/img3.jpg]
[autocare-html.vercel.app/engine-diagnostics.html]
[autocare-html.vercel.app/lube-oil-and-filters.html]
[autocare-html.vercel.app/images/banner/bnr3.jpg]
[autocare-html.vercel.app/belts-and-hoses.html]
[autocare-html.vercel.app/images/banner/bnr2.jpg]
[autocare-html.vercel.app/images/our-services/img8.jpg]
[autocare-html.vercel.app/images/our-services/img9.jpg]
[autocare-html.vercel.app/air-conditioning.html]
[autocare-html.vercel.app/brake-repair.html]
[autocare-html.vercel.app/tire-and-wheel-services.html]
[autocare-html.vercel.app/images/our-services/service-2/pic1.jpg]
[autocare-html.vercel.app/images/our-services/service-2/pic2.jpg]
[autocare-html.vercel.app/images/our-services/service-2/pic3.jpg]
[autocare-html.vercel.app/service-car-cleaning.html]
[autocare-html.vercel.app/service-car-services.html]
[autocare-html.vercel.app/service-car-wrapping.html]
[autocare-html.vercel.app/service-dent-paint.html]
[autocare-html.vercel.app/services-1.html]
[autocare-html.vercel.app/images/worker5.png]
[autocare-html.vercel.app/services-2.html]
[autocare-html.vercel.app/services-3.html]
[autocare-html.vercel.app/portfolio-1.html]
[autocare-html.vercel.app/images/blog/grid/pic4.jpg]
[autocare-html.vercel.app/portfolio-2.html]
[autocare-html.vercel.app/portfolio-3.html]
[autocare-html.vercel.app/portfolio-details.html]
[autocare-html.vercel.app/product.1c2.delayed]
[autocare-html.vercel.app/blog-single-sidebar.1c3.delayed]
[autocare-html.vercel.app/help.1c4.delayed]
[autocare-html.vercel.app/images/gallery/img3.jpg]
[autocare-html.vercel.app/images/gallery/img1.jpg]
[autocare-html.vercel.app/images/gallery/img5.jpg]
[autocare-html.vercel.app/images/gallery/img4.jpg]
[autocare-html.vercel.app/images/gallery/pic7.jpg]
[autocare-html.vercel.app/images/gallery/img2.jpg]
[autocare-html.vercel.app/full-page-gallery-dark.html]
[autocare-html.vercel.app/full-page-gallery-light.html]
[autocare-html.vercel.app/gallery-grid-2.html]
[autocare-html.vercel.app/gallery-grid-3.html]
[autocare-html.vercel.app/gallery-grid-4.html]
[autocare-html.vercel.app/error-404.html]
[autocare-html.vercel.app/plugins/scroll/scrollbar.min.js]
[autocare-html.vercel.app/css/coming-soon.css]
[autocare-html.vercel.app/css/css-slide.css]
[autocare-html.vercel.app/video.1da.delayed]
[autocare-html.vercel.app/plugins/countdown/jquery.countdown.js]
[autocare-html.vercel.app/coming-soon-1.html]
[autocare-html.vercel.app/js/coming-soon.js]
[autocare-html.vercel.app/images/background/bg8.jpg]
[autocare-html.vercel.app/coming-soon-2.html]
[autocare-html.vercel.app/login-1.html]
[autocare-html.vercel.app/login-2.html]
[autocare-html.vercel.app/contact.html]
[autocare-html.vercel.app/contact-2.html]
[autocare-html.vercel.app/contact-3.html]
[autocare-html.vercel.app/contact-4.html]
[autocare-html.vercel.app/images/blog/default/thum1.jpg]
[autocare-html.vercel.app/post-left-sidebar.html]
[autocare-html.vercel.app/post-right-sidebar.html]
[autocare-html.vercel.app/post-both-sidebar.html]
[autocare-html.vercel.app/post-no-sidebar.html]
[autocare-html.vercel.app/post-text.html]
[autocare-html.vercel.app/post-image.html]
[autocare-html.vercel.app/post-video.html]
[autocare-html.vercel.app/post-link.html]
[autocare-html.vercel.app/post-audio.html]
[autocare-html.vercel.app/images/blog/default/thum3.jpg]
[autocare-html.vercel.app/post-quote.html]
[autocare-html.vercel.app/post-tutorial.html]
[autocare-html.vercel.app/images/blog/default/thum2.jpg]
[autocare-html.vercel.app/images/blog/default/thum4.jpg]
[autocare-html.vercel.app/post-cateloge.html]
[autocare-html.vercel.app/post-banner.html]
[autocare-html.vercel.app/post-slide-show.html]
[cdn.jsdelivr.net/npm/swiper@11/swiper-bundle.min.css]
[autocare-html.vercel.app/post-gallery.html]
[cdn.jsdelivr.net/npm/swiper@11/swiper-bundle.min.js]
[autocare-html.vercel.app/plugins/swiper/swiper-bundle.min.css]
[autocare-html.vercel.app/post-status.html]
[autocare-html.vercel.app/post-standard.html]
[autocare-html.vercel.app/post-side.html]
[autocare-html.vercel.app/post-corner.html]
[autocare-html.vercel.app/plugins/swiper/swiper-bundle.min.js]
[autocare-html.vercel.app/images/product/item1.jpg]
[autocare-html.vercel.app/images/product/item2.jpg]
[autocare-html.vercel.app/images/product/item3.jpg]
[autocare-html.vercel.app/images/product/item4.jpg]
[autocare-html.vercel.app/images/product/item5.jpg]
[autocare-html.vercel.app/images/product/item6.jpg]
[autocare-html.vercel.app/images/product/item7.jpg]
[autocare-html.vercel.app/images/product/item8.jpg]
[autocare-html.vercel.app/shop-grid-4.html]
[autocare-html.vercel.app/images/ads/thum2.jpg]
[autocare-html.vercel.app/images/ads/thum3.jpg]
[autocare-html.vercel.app/images/product/item9.jpg]
[autocare-html.vercel.app/images/product/item10.jpg]
[autocare-html.vercel.app/images/product/item11.jpg]
[autocare-html.vercel.app/images/product/item12.jpg]
[autocare-html.vercel.app/shop-product.html]
[autocare-html.vercel.app/shop-product-2.html]
[autocare-html.vercel.app/css/star-rating-svg.css]
[autocare-html.vercel.app/images/product/thumb/item3.jpg]
[autocare-html.vercel.app/images/product/thumb/item4.jpg]
[autocare-html.vercel.app/images/product/thumb/item5.jpg]
[autocare-html.vercel.app/shop-product-details.html]
[autocare-html.vercel.app/js/jquery.star-rating-svg.js]
[autocare-html.vercel.app/images/product/thumb/item6.jpg]
[autocare-html.vercel.app/shop-cart.html]
[autocare-html.vercel.app/shop-cart-empty.html]
[autocare-html.vercel.app/shop-wishlist.html]
[autocare-html.vercel.app/images/product/thumb3.jpg]
[autocare-html.vercel.app/images/product/thumb2.jpg]
[autocare-html.vercel.app/images/product/thumb1.jpg]
[autocare-html.vercel.app/images/product/thumb4.jpg]
[autocare-html.vercel.app/shop-checkout.html]
[autocare-html.vercel.app/blog-list-no-sidebar.html]
[autocare-html.vercel.app/blog-list-left-sidebar.html]
[autocare-html.vercel.app/blog-list-right-sidebar.html]
[autocare-html.vercel.app/blog-list-both-sidebar.html]
[autocare-html.vercel.app/blog-grid-no-sidebar.html]
[autocare-html.vercel.app/blog-grid-left-sidebar.html]
[autocare-html.vercel.app/blog-grid-right-sidebar.html]
[autocare-html.vercel.app/blog-grid-both-sidebar.html]
[autocare-html.vercel.app/blog-grid-wide-sidebar.html]
[autocare-html.vercel.app/blog-archive.html]
[autocare-html.vercel.app/blog-author.html]
[autocare-html.vercel.app/blog-category.html]
[autocare-html.vercel.app/blog-tag.html]
[autocare-html.vercel.app/shortcode-buttons.html]
[autocare-html.vercel.app/shortcode-icon-box-styles.html]
[autocare-html.vercel.app/shortcode-pricing-table.html]
[autocare-html.vercel.app/shortcode-toggles.html]
[autocare-html.vercel.app/shortcode-team.html]
[autocare-html.vercel.app/images/our-work/pic7.jpg]
[autocare-html.vercel.app/images/our-work/pic8.jpg]
[autocare-html.vercel.app/shortcode-carousel-sliders.html]
[autocare-html.vercel.app/shortcode-image-box-content.html]
[autocare-html.vercel.app/shortcode-tabs.html]
[autocare-html.vercel.app/shortcode-counters.html]
[autocare-html.vercel.app/images/gallery/masonry/pic1.jpg]
[autocare-html.vercel.app/images/gallery/masonry/large/pic1.jpg]
[autocare-html.vercel.app/images/gallery/masonry/pic4.jpg]
[autocare-html.vercel.app/images/gallery/masonry/large/pic4.jpg]
[autocare-html.vercel.app/images/gallery/masonry/pic2.jpg]
[autocare-html.vercel.app/images/gallery/masonry/large/pic2.jpg]
[autocare-html.vercel.app/images/gallery/masonry/pic3.jpg]
[autocare-html.vercel.app/images/gallery/masonry/large/pic3.jpg]
[autocare-html.vercel.app/images/gallery/masonry/pic6.jpg]
[autocare-html.vercel.app/images/gallery/masonry/large/pic6.jpg]
[autocare-html.vercel.app/images/gallery/masonry/pic5.jpg]
[autocare-html.vercel.app/images/gallery/masonry/large/pic5.jpg]
[autocare-html.vercel.app/shortcode-magnific-popup.html]
[autocare-html.vercel.app/shortcode-accordians.html]
[autocare-html.vercel.app/shortcode-dividers.html]
[autocare-html.vercel.app/shortcode-images-effects.html]
[autocare-html.vercel.app/shortcode-testimonials.html]
[autocare-html.vercel.app/shortcode-light-box.html]
[autocare-html.vercel.app/shortcode-alert-box.html]
[autocare-html.vercel.app/shortcode-icon-box.html]
[autocare-html.vercel.app/shortcode-list-group.html]
[autocare-html.vercel.app/shortcode-title-separators.html]
[autocare-html.vercel.app/shortcode-all-widgets.html]
[autocare-html.vercel.app/blog-half-img-sidebar.html]
[autocare-html.vercel.app/plugins/bootstrap/css/bootstrap.min.css]
[autocare-html.vercel.app/index-10.html]
[autocare-html.vercel.app/plugins/fontawesome/webfonts/fa-brands-400.eot]
[autocare-html.vercel.app/plugins/fontawesome/webfonts/fa-brands-400d41d.eot]
[autocare-html.vercel.app/plugins/fontawesome/webfonts/fa-brands-400.woff2]
[autocare-html.vercel.app/plugins/fontawesome/webfonts/fa-brands-400.woff]
[autocare-html.vercel.app/plugins/fontawesome/webfonts/fa-brands-400.ttf]
[autocare-html.vercel.app/plugins/fontawesome/webfonts/fa-brands-400.svg]
[autocare-html.vercel.app/plugins/fontawesome/webfonts/fa-regular-400.eot]
[autocare-html.vercel.app/plugins/fontawesome/webfonts/fa-regular-400d41d.eot]
[autocare-html.vercel.app/plugins/fontawesome/webfonts/fa-regular-400.woff2]
[autocare-html.vercel.app/plugins/fontawesome/webfonts/fa-regular-400.woff]
[autocare-html.vercel.app/plugins/fontawesome/webfonts/fa-regular-400.ttf]
[autocare-html.vercel.app/plugins/fontawesome/webfonts/fa-regular-400.svg]
[autocare-html.vercel.app/plugins/fontawesome/webfonts/fa-solid-900.eot]
[autocare-html.vercel.app/plugins/fontawesome/webfonts/fa-solid-900d41d.eot]
[autocare-html.vercel.app/plugins/fontawesome/webfonts/fa-solid-900.woff2]
[autocare-html.vercel.app/plugins/fontawesome/webfonts/fa-solid-900.woff]
[autocare-html.vercel.app/plugins/fontawesome/webfonts/fa-solid-900.ttf]
[autocare-html.vercel.app/plugins/fontawesome/css/all.min.css]
[autocare-html.vercel.app/plugins/fontawesome/webfonts/fa-solid-900.svg]
[autocare-html.vercel.app/plugins/themify/fonts/themify9f24.eot]
[autocare-html.vercel.app/plugins/themify/fonts/themifyd41d.eot]
[autocare-html.vercel.app/plugins/themify/fonts/themify9f24.woff]
[autocare-html.vercel.app/plugins/themify/fonts/themify9f24.ttf]
[autocare-html.vercel.app/plugins/themify/themify-icons.css]
[autocare-html.vercel.app/plugins/themify/fonts/themify9f24.svg]
[autocare-html.vercel.app/plugins/owl-carousel/owl.video.play.2a9.delayed]
[autocare-html.vercel.app/plugins/owl-carousel/owl.carousel.css]
[autocare-html.vercel.app/plugins/bootstrap-select/bootstrap-select.min.css]
[autocare-html.vercel.app/plugins/magnific-popup/magnific-popup.css]
[autocare-html.vercel.app/plugins/scroll/scrollbar.css]
[autocare-html.vercel.app/plugins/animate/animate.css]
[autocare-html.vercel.app/plugins/lightgallery/fonts/lgd641.eot]
[autocare-html.vercel.app/plugins/lightgallery/fonts/lgd41d.eot]
[autocare-html.vercel.app/plugins/lightgallery/fonts/lgd641.woff]
[autocare-html.vercel.app/plugins/lightgallery/fonts/lgd641.ttf]
[autocare-html.vercel.app/plugins/lightgallery/fonts/lgd641.svg]
[autocare-html.vercel.app/plugins/lightgallery/img/vimeo-play.png]
[autocare-html.vercel.app/plugins/lightgallery/img/video-play.png]
[autocare-html.vercel.app/plugins/lightgallery/img/youtube-play.png]
[autocare-html.vercel.app/plugins/lightgallery/img/loading.gif]
[autocare-html.vercel.app/plugins/lightgallery/css/lightgallery.min.css]
[autocare-html.vercel.app/plugins/switcher/css/switcher.css]
[autocare-html.vercel.app/css/inc/images/loading.html]
[autocare-html.vercel.app/plugins/revolution/fonts/revicons/revicons90c6.svg]
[autocare-html.vercel.app/plugins/revolution/css/layers.css]
[autocare-html.vercel.app/css/skin/skin-2.css]
[autocare-html.vercel.app/plugins/rangeslider/images/ui-bg_glass_55_fbf9ee_1x400.2b3.delayed]
[autocare-html.vercel.app/plugins/rangeslider/images/ui-bg_glass_95_fef1ec_1x400.2b4.delayed]
[autocare-html.vercel.app/plugins/rangeslider/images/ui-icons_222222_256x240.2b5.delayed]
[autocare-html.vercel.app/plugins/rangeslider/images/ui-icons_888888_256x240.2b6.delayed]
[autocare-html.vercel.app/plugins/rangeslider/images/ui-icons_454545_256x240.2b7.delayed]
[autocare-html.vercel.app/plugins/rangeslider/images/ui-icons_2e83ff_256x240.2b8.delayed]
[autocare-html.vercel.app/plugins/rangeslider/images/ui-icons_cd0a0a_256x240.2b9.delayed]
[autocare-html.vercel.app/plugins/rangeslider/rangeslider.css]
[autocare-html.vercel.app/css/skin/skin-3.css]
[autocare-html.vercel.app/css/swiper.css]
[autocare-html.vercel.app/blog-grid-2.html]
[autocare-html.vercel.app/all-service.html]
[autocare-html.vercel.app/product.html]
[autocare-html.vercel.app/blog-single-sidebar.html]
[autocare-html.vercel.app/help.html]
[autocare-html.vercel.app/css/coming-soon.css]
[autocare-html.vercel.app/css/css-slide.css]
[autocare-html.vercel.app/video.html]
[cdn.jsdelivr.net/npm/swiper@11/swiper-bundle.min.css]
[autocare-html.vercel.app/plugins/swiper/swiper-bundle.min.css]
[autocare-html.vercel.app/css/star-rating-svg.css]
[autocare-html.vercel.app/index-10.html]
[autocare-html.vercel.app/plugins/fontawesome/webfonts/fa-brands-400.svg]
[autocare-html.vercel.app/plugins/fontawesome/webfonts/fa-regular-400.svg]
[autocare-html.vercel.app/plugins/fontawesome/webfonts/fa-solid-900.svg]
[autocare-html.vercel.app/plugins/themify/fonts/themify9f24.svg]
[autocare-html.vercel.app/plugins/owl-carousel/owl.video.play.html]
[autocare-html.vercel.app/plugins/lightgallery/fonts/lgd641.svg]
[autocare-html.vercel.app/plugins/rangeslider/images/ui-bg_glass_55_fbf9ee_1x400.html]
[autocare-html.vercel.app/plugins/rangeslider/images/ui-bg_glass_95_fef1ec_1x400.html]
[autocare-html.vercel.app/plugins/rangeslider/images/ui-icons_222222_256x240.html]
[autocare-html.vercel.app/plugins/rangeslider/images/ui-icons_888888_256x240.html]
[autocare-html.vercel.app/plugins/rangeslider/images/ui-icons_454545_256x240.html]
[autocare-html.vercel.app/plugins/rangeslider/images/ui-icons_2e83ff_256x240.html]
[autocare-html.vercel.app/plugins/rangeslider/images/ui-icons_cd0a0a_256x240.html]
[file/C_/Users/admin/Documents/inc/images/pattern/pattern1.jpg]
